#
# There is insufficient memory for the Java Runtime Environment to continue.
# Native memory allocation (mmap) failed to map 264241152 bytes for G1 virtual space
# Possible reasons:
#   The system is out of physical RAM or swap space
#   The process is running with CompressedOops enabled, and the Java Heap may be blocking the growth of the native heap
# Possible solutions:
#   Reduce memory load on the system
#   Increase physical memory or swap space
#   Check if swap backing store is full
#   Decrease Java heap size (-Xmx/-Xms)
#   Decrease number of Java threads
#   Decrease Java thread stack sizes (-Xss)
#   Set larger code cache with -XX:ReservedCodeCacheSize=
#   JVM is running with Unscaled Compressed Oops mode in which the Java heap is
#     placed in the first 4GB address space. The Java Heap base address is the
#     maximum limit for the native heap growth. Please use -XX:HeapBaseMinAddress
#     to set the Java Heap base and to place the Java Heap above 4GB virtual address.
# This output file may be truncated or incomplete.
#
#  Out of Memory Error (os_windows.cpp:3536), pid=28260, tid=25524
#
# JRE version:  (19.0.2+7) (build )
# Java VM: OpenJDK 64-Bit Server VM (19.0.2+7, mixed mode, sharing, tiered, compressed oops, compressed class ptrs, g1 gc, windows-amd64)
# No core dump will be written. Minidumps are not enabled by default on client versions of Windows
#

---------------  S U M M A R Y ------------

Command Line: --add-modules=ALL-SYSTEM --add-opens=java.base/java.util=ALL-UNNAMED --add-opens=java.base/java.lang=ALL-UNNAMED -Declipse.application=org.python.pydev.pydev_lsp.application -Dosgi.bundles.defaultStartLevel=4 -Declipse.product=org.python.pydev.pydev_lsp.product -Xmx1G -XX:+UseG1GC -XX:+UseStringDeduplication c:\Users\p493817\.vscode\extensions\fabioz.vscode-pydev-0.9.0\server\plugins\org.eclipse.equinox.launcher_1.6.700.v20240213-1244.jar -configuration c:\Users\p493817\.vscode\extensions\fabioz.vscode-pydev-0.9.0\server\config_win -data c:\Users\p493817\AppData\Roaming\Code\User\workspaceStorage\2a71ffa7e0bd255eb780826fe9548316\fabioz.vscode-pydev\pydev_ws

Host: 11th Gen Intel(R) Core(TM) i5-1145G7 @ 2.60GHz, 8 cores, 15G,  Windows 11 , 64 bit Build 22621 (10.0.22621.3958)
Time: Mon Sep 23 21:56:17 2024 Pacific Daylight Time elapsed time: 0.051068 seconds (0d 0h 0m 0s)

---------------  T H R E A D  ---------------

Current thread (0x000002473756b2d0):  JavaThread "Unknown thread" [_thread_in_vm, id=25524, stack(0x000000a874200000,0x000000a874300000)]

Stack: [0x000000a874200000,0x000000a874300000]
Native frames: (J=compiled Java code, j=interpreted, Vv=VM code, C=native code)
V  [jvm.dll+0x6e9e1a]
V  [jvm.dll+0x8a36c0]
V  [jvm.dll+0x8a50ae]
V  [jvm.dll+0x8a5763]
V  [jvm.dll+0x27bcdf]
V  [jvm.dll+0x6e6b39]
V  [jvm.dll+0x6db58a]
V  [jvm.dll+0x35267b]
V  [jvm.dll+0x35a106]
V  [jvm.dll+0x3b070e]
V  [jvm.dll+0x3b093f]
V  [jvm.dll+0x327c4a]
V  [jvm.dll+0x328aee]
V  [jvm.dll+0x86e230]
V  [jvm.dll+0x3bdb31]
V  [jvm.dll+0x84eb31]
V  [jvm.dll+0x44583f]
V  [jvm.dll+0x447321]
C  [jli.dll+0x5267]
C  [ucrtbase.dll+0x29333]
C  [KERNEL32.DLL+0x1257d]
C  [ntdll.dll+0x5af28]


---------------  P R O C E S S  ---------------

Threads class SMR info:
_java_thread_list=0x00007ffb352205a8, length=0, elements={
}

Java Threads: ( => current thread )

Other Threads:
  0x00000247375ab8a0 WorkerThread "GC Thread#0" [stack: 0x000000a874300000,0x000000a874400000] [id=6292]
  0x00000247375b4710 ConcurrentGCThread "G1 Main Marker" [stack: 0x000000a874400000,0x000000a874500000] [id=13512]
  0x00000247375b7d70 WorkerThread "G1 Conc#0" [stack: 0x000000a874500000,0x000000a874600000] [id=31644]

[error occurred during error reporting (printing all threads), id 0xc0000005, EXCEPTION_ACCESS_VIOLATION (0xc0000005) at pc=0x00007ffb349a8687]

VM state: not at safepoint (not fully initialized)

VM Mutex/Monitor currently owned by a thread:  ([mutex/lock_event])
[0x00000247375680f0] Heap_lock - owner thread: 0x000002473756b2d0

Heap address: 0x00000000c0000000, size: 1024 MB, Compressed Oops mode: 32-bit

CDS archive(s) mapped at: [0x0000000000000000-0x0000000000000000-0x0000000000000000), size 0, SharedBaseAddress: 0x0000000800000000, ArchiveRelocationMode: 0.
Narrow klass base: 0x0000000000000000, Narrow klass shift: 0, Narrow klass range: 0x0

GC Precious Log:
 CardTable entry size: 512
 Card Set container configuration: InlinePtr #cards 5 size 8 Array Of Cards #cards 12 size 40 Howl #buckets 4 coarsen threshold 1843 Howl Bitmap #cards 512 size 80 coarsen threshold 460 Card regions per heap region 1 cards per card region 2048

Heap:
 garbage-first heap   total 0K, used 0K [0x00000000c0000000, 0x0000000100000000)
  region size 1024K, 0 young (0K), 0 survivors (0K)

[error occurred during error reporting (printing heap information), id 0xc0000005, EXCEPTION_ACCESS_VIOLATION (0xc0000005) at pc=0x00007ffb34db2899]

GC Heap History (0 events):
No events

Dll operation events (1 events):
Event: 0.037 Loaded shared library C:\Users\p493817\.pydev_vscode\java19\jdk-19.0.2+7-jre\bin\java.dll

Deoptimization events (0 events):
No events

Classes loaded (0 events):
No events

Classes unloaded (0 events):
No events

Classes redefined (0 events):
No events

Internal exceptions (0 events):
No events

VM Operations (0 events):
No events

Events (0 events):
No events


Dynamic libraries:
0x00007ff7f2e60000 - 0x00007ff7f2e6e000 	C:\Users\p493817\.pydev_vscode\java19\jdk-19.0.2+7-jre\bin\java.exe
0x00007ffc1ccb0000 - 0x00007ffc1cec7000 	C:\WINDOWS\SYSTEM32\ntdll.dll
0x00007ffc1bdf0000 - 0x00007ffc1beb4000 	C:\WINDOWS\System32\KERNEL32.DLL
0x00007ffc1a230000 - 0x00007ffc1a5dd000 	C:\WINDOWS\System32\KERNELBASE.dll
0x00007ffc1a0e0000 - 0x00007ffc1a1f1000 	C:\WINDOWS\System32\ucrtbase.dll
0x00007ffc10c10000 - 0x00007ffc10c27000 	C:\Users\p493817\.pydev_vscode\java19\jdk-19.0.2+7-jre\bin\jli.dll
0x00007ffbf2f00000 - 0x00007ffbf2f19000 	C:\Users\p493817\.pydev_vscode\java19\jdk-19.0.2+7-jre\bin\VCRUNTIME140.dll
0x00007ffc1b4e0000 - 0x00007ffc1b68e000 	C:\WINDOWS\System32\USER32.dll
0x00007ffc1a200000 - 0x00007ffc1a226000 	C:\WINDOWS\System32\win32u.dll
0x00007ffbf3840000 - 0x00007ffbf3ad3000 	C:\WINDOWS\WinSxS\amd64_microsoft.windows.common-controls_6595b64144ccf1df_6.0.22621.3672_none_2713b9d173822955\COMCTL32.dll
0x00007ffc1b320000 - 0x00007ffc1b349000 	C:\WINDOWS\System32\GDI32.dll
0x00007ffc1b940000 - 0x00007ffc1b9e7000 	C:\WINDOWS\System32\msvcrt.dll
0x00007ffc1a8c0000 - 0x00007ffc1a9d9000 	C:\WINDOWS\System32\gdi32full.dll
0x00007ffc1a040000 - 0x00007ffc1a0da000 	C:\WINDOWS\System32\msvcp_win.dll
0x00007ffc1c570000 - 0x00007ffc1c5a1000 	C:\WINDOWS\System32\IMM32.DLL
0x00000247354c0000 - 0x00000247354d4000 	C:\WINDOWS\System32\umppc18511.dll
0x00007ffc19710000 - 0x00007ffc19853000 	C:\Program Files\Avecto\Privilege Guard Client\PGHook.dll
0x00007ffc1cb00000 - 0x00007ffc1cbb2000 	C:\WINDOWS\System32\ADVAPI32.dll
0x00007ffc1cbc0000 - 0x00007ffc1cc69000 	C:\WINDOWS\System32\sechost.dll
0x00007ffc1a720000 - 0x00007ffc1a748000 	C:\WINDOWS\System32\bcrypt.dll
0x00007ffc1b710000 - 0x00007ffc1b824000 	C:\WINDOWS\System32\RPCRT4.dll
0x00007ffc10260000 - 0x00007ffc1026c000 	C:\Users\p493817\.pydev_vscode\java19\jdk-19.0.2+7-jre\bin\vcruntime140_1.dll
0x00007ffbd4e60000 - 0x00007ffbd4ef1000 	C:\Users\p493817\.pydev_vscode\java19\jdk-19.0.2+7-jre\bin\msvcp140.dll
0x00007ffb34670000 - 0x00007ffb35361000 	C:\Users\p493817\.pydev_vscode\java19\jdk-19.0.2+7-jre\bin\server\jvm.dll
0x00007ffbfb250000 - 0x00007ffbfb259000 	C:\WINDOWS\SYSTEM32\WSOCK32.dll
0x00007ffc1b2a0000 - 0x00007ffc1b311000 	C:\WINDOWS\System32\WS2_32.dll
0x00007ffc11c40000 - 0x00007ffc11c74000 	C:\WINDOWS\SYSTEM32\WINMM.dll
0x00007ffc04b20000 - 0x00007ffc04b2a000 	C:\WINDOWS\SYSTEM32\VERSION.dll
0x00007ffc18da0000 - 0x00007ffc18db8000 	C:\WINDOWS\SYSTEM32\kernel.appcore.dll
0x00007ffbf8b00000 - 0x00007ffbf8b0a000 	C:\Users\p493817\.pydev_vscode\java19\jdk-19.0.2+7-jre\bin\jimage.dll
0x00007ffc17370000 - 0x00007ffc175a2000 	C:\WINDOWS\SYSTEM32\DBGHELP.DLL
0x00007ffc1c5b0000 - 0x00007ffc1c93e000 	C:\WINDOWS\System32\combase.dll
0x00007ffc1b9f0000 - 0x00007ffc1bac7000 	C:\WINDOWS\System32\OLEAUT32.dll
0x00007ffc04c40000 - 0x00007ffc04c72000 	C:\WINDOWS\SYSTEM32\dbgcore.DLL
0x00007ffc1a6a0000 - 0x00007ffc1a71b000 	C:\WINDOWS\System32\bcryptPrimitives.dll
0x00007ffbdd8d0000 - 0x00007ffbdd8f6000 	C:\Users\p493817\.pydev_vscode\java19\jdk-19.0.2+7-jre\bin\java.dll

dbghelp: loaded successfully - version: 4.0.5 - missing functions: none
symbol engine: initialized successfully - sym options: 0x614 - pdb path: .;C:\Users\p493817\.pydev_vscode\java19\jdk-19.0.2+7-jre\bin;C:\WINDOWS\SYSTEM32;C:\WINDOWS\WinSxS\amd64_microsoft.windows.common-controls_6595b64144ccf1df_6.0.22621.3672_none_2713b9d173822955;C:\Program Files\Avecto\Privilege Guard Client;C:\Users\p493817\.pydev_vscode\java19\jdk-19.0.2+7-jre\bin\server

VM Arguments:
jvm_args: --add-modules=ALL-SYSTEM --add-opens=java.base/java.util=ALL-UNNAMED --add-opens=java.base/java.lang=ALL-UNNAMED -Declipse.application=org.python.pydev.pydev_lsp.application -Dosgi.bundles.defaultStartLevel=4 -Declipse.product=org.python.pydev.pydev_lsp.product -Xmx1G -XX:+UseG1GC -XX:+UseStringDeduplication 
java_command: c:\Users\p493817\.vscode\extensions\fabioz.vscode-pydev-0.9.0\server\plugins\org.eclipse.equinox.launcher_1.6.700.v20240213-1244.jar -configuration c:\Users\p493817\.vscode\extensions\fabioz.vscode-pydev-0.9.0\server\config_win -data c:\Users\p493817\AppData\Roaming\Code\User\workspaceStorage\2a71ffa7e0bd255eb780826fe9548316\fabioz.vscode-pydev\pydev_ws
java_class_path (initial): c:\Users\p493817\.vscode\extensions\fabioz.vscode-pydev-0.9.0\server\plugins\org.eclipse.equinox.launcher_1.6.700.v20240213-1244.jar
Launcher Type: SUN_STANDARD

[Global flags]
     intx CICompilerCount                          = 4                                         {product} {ergonomic}
     uint ConcGCThreads                            = 2                                         {product} {ergonomic}
     uint G1ConcRefinementThreads                  = 8                                         {product} {ergonomic}
   size_t G1HeapRegionSize                         = 1048576                                   {product} {ergonomic}
    uintx GCDrainStackTargetSize                   = 64                                        {product} {ergonomic}
   size_t InitialHeapSize                          = 264241152                                 {product} {ergonomic}
   size_t MarkStackSize                            = 4194304                                   {product} {ergonomic}
   size_t MaxHeapSize                              = 1073741824                                {product} {command line}
   size_t MinHeapDeltaBytes                        = 1048576                                   {product} {ergonomic}
   size_t MinHeapSize                              = 8388608                                   {product} {ergonomic}
    uintx NonNMethodCodeHeapSize                   = 5839372                                {pd product} {ergonomic}
    uintx NonProfiledCodeHeapSize                  = 122909434                              {pd product} {ergonomic}
    uintx ProfiledCodeHeapSize                     = 122909434                              {pd product} {ergonomic}
    uintx ReservedCodeCacheSize                    = 251658240                              {pd product} {ergonomic}
     bool SegmentedCodeCache                       = true                                      {product} {ergonomic}
   size_t SoftMaxHeapSize                          = 1073741824                             {manageable} {ergonomic}
     bool UseCompressedClassPointers               = true                           {product lp64_product} {ergonomic}
     bool UseCompressedOops                        = true                           {product lp64_product} {ergonomic}
     bool UseG1GC                                  = true                                      {product} {command line}
     bool UseLargePagesIndividualAllocation        = false                                  {pd product} {ergonomic}
     bool UseStringDeduplication                   = true                                      {product} {command line}

Logging:
Log output configuration:
 #0: stdout all=warning uptime,level,tags foldmultilines=false
 #1: stderr all=off uptime,level,tags foldmultilines=false

Environment Variables:
PATH=C:\Program Files\Common Files\Oracle\Java\javapath;C:\Program Files\Microsoft\jdk-11.0.16.101-hotspot\bin;C:\Informatica\10.2.0\clients\tools\datadirect;C:\Informatica\10.2.0\clients\tools\odbcdrv;C:\Informatica\10.2.0\clients\tools\jdbcdrv;C:\Informatica\10.2.0\clients\tools\sharedlibs;C:\Program Files\Python39\Scripts\;C:\Program Files\Python39\;C:\WINDOWS\system32;C:\WINDOWS;C:\WINDOWS\System32\Wbem;C:\WINDOWS\System32\WindowsPowerShell\v1.0\;C:\WINDOWS\System32\OpenSSH\;C:\Program Files (x86)\Microsoft SQL Server\150\DTS\Binn\;C:\Program Files\Azure Data Studio\bin;C:\Program Files\Snowflake SnowSQL\;C:\Program Files\dotnet\;C:\ProgramData\chocolatey\bin;C:\ProgramData\chocoportable\bin;C:\Program Files (x86)\dotnet-core-uninstall\;C:\Program Files\Microsoft SQL Server\Client SDK\ODBC\170\Tools\Binn\;C:\Program Files\Microsoft SQL Server\150\Tools\Binn\;C:\Program Files\nodejs\;C:\Program Files\MySQL\MySQL Shell 8.3\bin\;C:\Users\p493817\AppData\Local\Microsoft\WindowsApps;C:\Users\p493817\AppData\Local\Programs\Microsoft VS Code\bin;C:\Users\p493817\AppData\Local\Programs\Git\cmd;C:\Users\p493817\.dotnet\tools;C:\Users\p493817\AppData\Local\GitHubDesktop\bin;C:\Users\p493817\AppData\Local\Programs\mongosh\;C:\Users\p493817\AppData\Roaming\npm
USERNAME=p493817
OS=Windows_NT
PROCESSOR_IDENTIFIER=Intel64 Family 6 Model 140 Stepping 1, GenuineIntel
TMP=C:\Users\p493817\AppData\Local\Temp
TEMP=C:\Users\p493817\AppData\Local\Temp



---------------  S Y S T E M  ---------------

OS:
 Windows 11 , 64 bit Build 22621 (10.0.22621.3958)
OS uptime: 0 days 12:26 hours
Hyper-V role detected

CPU: total 8 (initial active 8) (4 cores per cpu, 2 threads per core) family 6 model 140 stepping 1 microcode 0xa4, cx8, cmov, fxsr, ht, mmx, 3dnowpref, sse, sse2, sse3, ssse3, sse4.1, sse4.2, popcnt, lzcnt, tsc, tscinvbit, avx, avx2, aes, erms, clmul, bmi1, bmi2, adx, avx512f, avx512dq, avx512cd, avx512bw, avx512vl, sha, fma, vzeroupper, avx512_vpopcntdq, avx512_vpclmulqdq, avx512_vaes, avx512_vnni, clflush, clflushopt, clwb, avx512_vbmi2, avx512_vbmi, hv, rdtscp, rdpid, fsrm, gfni, avx512_bitalg

Memory: 4k page, system-wide physical 16106M (1995M free)
TotalPageFile size 25949M (AvailPageFile size 176M)
current process WorkingSet (physical memory assigned to process): 13M, peak: 13M
current process commit charge ("private bytes"): 60M, peak: 312M

vm_info: OpenJDK 64-Bit Server VM (19.0.2+7) for windows-amd64 JRE (19.0.2+7), built on 2023-01-17T00:00:00Z by "temurin" with MS VC++ 16.7 (VS2019)

END.
